<?xml version="1.0" encoding="UTF-8"?>
<testsuite name="graphqllite.generator.TypesTypeScriptGeneratorTest" tests="1" skipped="0" failures="0" errors="0" timestamp="2022-05-19T23:58:00" hostname="esentris-MacBook-Pro.local" time="0.479">
  <properties/>
  <testcase name="generate()" classname="graphqllite.generator.TypesTypeScriptGeneratorTest" time="0.479"/>
  <system-out><![CDATA[]]></system-out>
  <system-err><![CDATA[SLF4J: Failed to load class "org.slf4j.impl.StaticLoggerBinder".
SLF4J: Defaulting to no-operation (NOP) logger implementation
SLF4J: See http://www.slf4j.org/codes.html#StaticLoggerBinder for further details.
]]></system-err>
</testsuite>
